<?xml version="1.0" encoding="UTF-8" ?>
<testsuite tests="3" failures="0" name="se.ju.csi.oom.lab4.TimeZoneTranslatorTest" time="0.004" errors="0" skipped="0">
  <properties>
[...]
</properties>
  <testcase classname="se.ju.csi.oom.lab4.TimeZoneTranslatorTest" name="testShiftEventTimeZone" time="0.004"/>
  <testcase classname="se.ju.csi.oom.lab4.TimeZoneTranslatorTest" name="testShiftTimeZone2" time="0"/>
  <testcase classname="se.ju.csi.oom.lab4.TimeZoneTranslatorTest" name="testShiftTimeZone" time="0"/>
</testsuite>